[2025-08-07T06:54:07.638Z] ERROR: GET /main.8179ec11f7d1088a2dd7.hot-update.json - 404 | {"duration":"5ms","ip":"127.0.0.1"}
[2025-08-07T06:54:08.278Z] ERROR: GET /home - 404 | {"duration":"0ms","ip":"::1"}
[2025-08-07T06:54:08.427Z] ERROR: GET /home - 404 | {"duration":"0ms","ip":"::1"}
[2025-08-07T06:57:32.681Z] ERROR: GET /home - 404 | {"duration":"4ms","ip":"::1"}
[2025-08-07T06:57:32.688Z] ERROR: GET /home - 404 | {"duration":"1ms","ip":"::1"}
[2025-08-07T07:00:56.618Z] ERROR: GET /home - 404 | {"duration":"7ms","ip":"::1"}
[2025-08-07T07:00:56.625Z] ERROR: GET /home - 404 | {"duration":"1ms","ip":"::1"}
[2025-08-07T07:01:06.396Z] ERROR: GET /home - 404 | {"duration":"1ms","ip":"::1"}
[2025-08-07T07:01:06.440Z] ERROR: GET /home - 404 | {"duration":"1ms","ip":"::1"}
[2025-08-07T07:03:49.797Z] ERROR: GET /pgs/public - 404 | {"duration":"1ms","ip":"::1"}
[2025-08-07T07:03:49.802Z] ERROR: GET /pgs/public - 404 | {"duration":"1ms","ip":"::1"}
[2025-08-07T07:03:51.431Z] ERROR: GET /bikes/public - 404 | {"duration":"2ms","ip":"::1"}
[2025-08-07T07:03:51.439Z] ERROR: GET /bikes/public - 404 | {"duration":"2ms","ip":"::1"}
[2025-08-07T07:03:52.588Z] ERROR: GET /content/about - 404 | {"duration":"2ms","ip":"::1"}
[2025-08-07T07:03:52.906Z] ERROR: GET /content/about - 404 | {"duration":"1ms","ip":"::1"}
[2025-08-07T07:08:08.607Z] ERROR: GET /pgs/public - 404 | {"duration":"3ms","ip":"::1"}
[2025-08-07T07:08:08.615Z] ERROR: GET /pgs/public - 404 | {"duration":"2ms","ip":"::1"}
[2025-08-07T07:11:17.964Z] ERROR: GET /bikes/public - 404 | {"duration":"1ms","ip":"::1"}
[2025-08-07T07:11:18.273Z] ERROR: GET /bikes/public - 404 | {"duration":"0ms","ip":"::1"}
[2025-08-07T07:11:20.726Z] ERROR: GET /bikes/public - 404 | {"duration":"1ms","ip":"::1"}
[2025-08-07T07:11:20.897Z] ERROR: GET /bikes/public - 404 | {"duration":"1ms","ip":"::1"}
[2025-08-07T07:34:20.842Z] ERROR: GET /bookings - 404 | {"duration":"2ms","ip":"::1"}
[2025-08-07T07:34:20.986Z] ERROR: GET /user-loyalty - 404 | {"duration":"1ms","ip":"::1"}
[2025-08-07T07:34:21.163Z] ERROR: GET /bookings - 404 | {"duration":"1ms","ip":"::1"}
[2025-08-07T07:34:21.302Z] ERROR: GET /user-loyalty - 404 | {"duration":"1ms","ip":"::1"}
[2025-08-07T07:34:32.326Z] ERROR: GET /bookings - 404 | {"duration":"2ms","ip":"::1"}
[2025-08-07T07:34:32.328Z] ERROR: GET /user-loyalty - 404 | {"duration":"3ms","ip":"::1"}
[2025-08-07T07:34:32.642Z] ERROR: GET /bookings - 404 | {"duration":"1ms","ip":"::1"}
[2025-08-07T07:34:32.646Z] ERROR: GET /user-loyalty - 404 | {"duration":"2ms","ip":"::1"}
[2025-08-07T07:35:16.610Z] ERROR: GET /bookings - 404 | {"duration":"1ms","ip":"::1"}
[2025-08-07T07:35:16.619Z] ERROR: GET /user-loyalty - 404 | {"duration":"1ms","ip":"::1"}
[2025-08-07T07:35:16.917Z] ERROR: GET /bookings - 404 | {"duration":"1ms","ip":"::1"}
[2025-08-07T07:35:16.927Z] ERROR: GET /user-loyalty - 404 | {"duration":"1ms","ip":"::1"}
[2025-08-07T08:35:56.332Z] ERROR: GET /api/offers - 404 | {"duration":"6ms","ip":"::1"}
[2025-08-07T08:35:56.338Z] ERROR: GET /api/offers - 404 | {"duration":"1ms","ip":"::1"}
[2025-08-07T08:41:46.785Z] ERROR: GET /api/offers - 404 | {"duration":"0ms","ip":"::1"}
[2025-08-07T08:41:46.790Z] ERROR: GET /api/offers - 404 | {"duration":"1ms","ip":"::1"}
[2025-08-07T08:41:50.268Z] ERROR: GET /api/offers - 404 | {"duration":"0ms","ip":"::1"}
[2025-08-07T08:41:50.272Z] ERROR: GET /api/offers - 404 | {"duration":"0ms","ip":"::1"}
[2025-08-07T08:41:51.704Z] ERROR: GET /api/offers - 404 | {"duration":"3ms","ip":"::1"}
[2025-08-07T08:41:51.710Z] ERROR: GET /api/offers - 404 | {"duration":"0ms","ip":"::1"}
[2025-08-07T08:42:08.440Z] ERROR: GET /api/offers - 404 | {"duration":"0ms","ip":"::1"}
[2025-08-07T08:42:08.445Z] ERROR: GET /api/offers - 404 | {"duration":"0ms","ip":"::1"}
[2025-08-07T08:42:09.849Z] ERROR: GET /api/offers - 404 | {"duration":"0ms","ip":"::1"}
[2025-08-07T08:42:09.854Z] ERROR: GET /api/offers - 404 | {"duration":"1ms","ip":"::1"}
[2025-08-07T08:42:11.428Z] ERROR: GET /api/offers - 404 | {"duration":"0ms","ip":"::1"}
[2025-08-07T08:42:11.433Z] ERROR: GET /api/offers - 404 | {"duration":"1ms","ip":"::1"}
[2025-08-07T08:42:12.742Z] ERROR: GET /api/offers - 404 | {"duration":"3ms","ip":"::1"}
[2025-08-07T08:42:12.745Z] ERROR: GET /api/offers - 404 | {"duration":"0ms","ip":"::1"}
[2025-08-07T08:42:29.696Z] ERROR: GET /api/offers - 404 | {"duration":"0ms","ip":"::1"}
[2025-08-07T08:42:29.698Z] ERROR: GET /api/offers - 404 | {"duration":"0ms","ip":"::1"}
[2025-08-07T08:43:10.229Z] ERROR: GET /api/offers - 404 | {"duration":"0ms","ip":"::1"}
[2025-08-07T08:43:10.234Z] ERROR: GET /api/offers - 404 | {"duration":"0ms","ip":"::1"}
[2025-08-07T08:43:49.482Z] ERROR: GET /api/offers - 404 | {"duration":"0ms","ip":"::1"}
[2025-08-07T08:43:49.488Z] ERROR: GET /api/offers - 404 | {"duration":"0ms","ip":"::1"}
[2025-08-07T08:43:49.501Z] ERROR: GET /api/offers - 404 | {"duration":"0ms","ip":"::1"}
[2025-08-07T08:43:49.505Z] ERROR: GET /api/offers - 404 | {"duration":"0ms","ip":"::1"}
[2025-08-07T08:44:51.457Z] ERROR: GET /api/offers - 404 | {"duration":"1ms","ip":"::1"}
[2025-08-07T08:44:51.465Z] ERROR: GET /api/offers - 404 | {"duration":"1ms","ip":"::1"}
[2025-08-07T08:44:51.488Z] ERROR: GET /api/offers - 404 | {"duration":"3ms","ip":"::1"}
[2025-08-07T08:44:51.498Z] ERROR: GET /api/offers - 404 | {"duration":"1ms","ip":"::1"}
[2025-08-07T08:46:40.582Z] ERROR: GET /api/offers - 404 | {"duration":"1ms","ip":"::1"}
[2025-08-07T08:46:40.587Z] ERROR: GET /api/offers - 404 | {"duration":"1ms","ip":"::1"}
[2025-08-07T08:46:40.606Z] ERROR: GET /api/offers - 404 | {"duration":"0ms","ip":"::1"}
[2025-08-07T08:46:40.614Z] ERROR: GET /api/offers - 404 | {"duration":"1ms","ip":"::1"}
[2025-08-07T08:46:41.937Z] ERROR: GET /api/offers - 404 | {"duration":"0ms","ip":"::1"}
[2025-08-07T08:46:41.942Z] ERROR: GET /api/offers - 404 | {"duration":"0ms","ip":"::1"}
[2025-08-07T08:46:42.046Z] ERROR: GET /placeholder/300/200 - 404 | {"duration":"1ms","ip":"::1"}
[2025-08-07T08:46:46.471Z] ERROR: GET /api/offers - 404 | {"duration":"6ms","ip":"::1"}
[2025-08-07T08:46:46.476Z] ERROR: GET /api/offers - 404 | {"duration":"1ms","ip":"::1"}
[2025-08-07T08:46:46.488Z] ERROR: GET /api/offers - 404 | {"duration":"1ms","ip":"::1"}
[2025-08-07T08:46:46.495Z] ERROR: GET /api/offers - 404 | {"duration":"1ms","ip":"::1"}
[2025-08-07T08:46:48.483Z] ERROR: GET /api/offers - 404 | {"duration":"0ms","ip":"::1"}
[2025-08-07T08:46:48.488Z] ERROR: GET /api/offers - 404 | {"duration":"1ms","ip":"::1"}
[2025-08-07T08:46:48.560Z] ERROR: GET /placeholder/300/200 - 404 | {"duration":"1ms","ip":"::1"}
[2025-08-07T08:47:00.825Z] ERROR: GET /api/offers - 404 | {"duration":"1ms","ip":"::1"}
[2025-08-07T08:47:00.826Z] ERROR: GET /api/offers - 404 | {"duration":"0ms","ip":"::1"}
[2025-08-07T08:47:00.871Z] ERROR: GET /api/offers - 404 | {"duration":"1ms","ip":"::1"}
[2025-08-07T08:47:00.872Z] ERROR: GET /api/offers - 404 | {"duration":"0ms","ip":"::1"}
[2025-08-07T08:47:01.057Z] ERROR: GET /placeholder/300/200 - 404 | {"duration":"0ms","ip":"::1"}
[2025-08-07T08:47:11.892Z] ERROR: GET /api/offers - 404 | {"duration":"0ms","ip":"::1"}
[2025-08-07T08:47:11.899Z] ERROR: GET /api/offers - 404 | {"duration":"1ms","ip":"::1"}
[2025-08-07T08:47:11.955Z] ERROR: GET /api/offers - 404 | {"duration":"0ms","ip":"::1"}
[2025-08-07T08:47:11.958Z] ERROR: GET /api/offers - 404 | {"duration":"1ms","ip":"::1"}
[2025-08-07T08:47:12.118Z] ERROR: GET /placeholder/300/200 - 404 | {"duration":"1ms","ip":"::1"}
[2025-08-07T08:47:27.571Z] ERROR: GET /api/offers - 404 | {"duration":"4ms","ip":"::1"}
[2025-08-07T08:47:27.573Z] ERROR: GET /api/offers - 404 | {"duration":"1ms","ip":"::1"}
[2025-08-07T08:47:27.592Z] ERROR: GET /api/offers - 404 | {"duration":"1ms","ip":"::1"}
[2025-08-07T08:47:27.595Z] ERROR: GET /api/offers - 404 | {"duration":"1ms","ip":"::1"}
[2025-08-07T08:47:27.749Z] ERROR: GET /placeholder/300/200 - 404 | {"duration":"0ms","ip":"::1"}
[2025-08-07T08:47:37.854Z] ERROR: GET /api/offers - 404 | {"duration":"3ms","ip":"::1"}
[2025-08-07T08:47:37.856Z] ERROR: GET /api/offers - 404 | {"duration":"0ms","ip":"::1"}
[2025-08-07T08:47:37.887Z] ERROR: GET /api/offers - 404 | {"duration":"0ms","ip":"::1"}
[2025-08-07T08:47:37.892Z] ERROR: GET /api/offers - 404 | {"duration":"0ms","ip":"::1"}
[2025-08-07T08:47:38.070Z] ERROR: GET /placeholder/300/200 - 404 | {"duration":"0ms","ip":"::1"}
[2025-08-07T08:47:51.814Z] ERROR: GET /api/offers - 404 | {"duration":"1ms","ip":"::1"}
[2025-08-07T08:47:51.818Z] ERROR: GET /api/offers - 404 | {"duration":"0ms","ip":"::1"}
[2025-08-07T08:47:51.870Z] ERROR: GET /api/offers - 404 | {"duration":"0ms","ip":"::1"}
[2025-08-07T08:47:51.872Z] ERROR: GET /api/offers - 404 | {"duration":"0ms","ip":"::1"}
[2025-08-07T08:47:52.054Z] ERROR: GET /placeholder/300/200 - 404 | {"duration":"1ms","ip":"::1"}
[2025-08-07T08:48:05.808Z] ERROR: GET /api/offers - 404 | {"duration":"3ms","ip":"::1"}
[2025-08-07T08:48:05.810Z] ERROR: GET /api/offers - 404 | {"duration":"0ms","ip":"::1"}
[2025-08-07T08:48:05.857Z] ERROR: GET /api/offers - 404 | {"duration":"0ms","ip":"::1"}
[2025-08-07T08:48:05.859Z] ERROR: GET /api/offers - 404 | {"duration":"0ms","ip":"::1"}
[2025-08-07T08:48:06.062Z] ERROR: GET /placeholder/300/200 - 404 | {"duration":"1ms","ip":"::1"}
[2025-08-07T08:49:34.485Z] ERROR: GET /api/offers - 404 | {"duration":"0ms","ip":"::1"}
[2025-08-07T08:49:34.493Z] ERROR: GET /api/offers - 404 | {"duration":"1ms","ip":"::1"}
[2025-08-07T08:49:34.509Z] ERROR: GET /api/offers - 404 | {"duration":"0ms","ip":"::1"}
[2025-08-07T08:49:34.512Z] ERROR: GET /api/offers - 404 | {"duration":"1ms","ip":"::1"}
[2025-08-07T08:49:34.646Z] ERROR: GET /placeholder/300/200 - 404 | {"duration":"1ms","ip":"::1"}
[2025-08-07T08:49:39.512Z] ERROR: GET /api/offers - 404 | {"duration":"1ms","ip":"::1"}
[2025-08-07T08:49:39.516Z] ERROR: GET /api/offers - 404 | {"duration":"0ms","ip":"::1"}
[2025-08-07T08:49:39.685Z] ERROR: GET /placeholder/300/200 - 404 | {"duration":"0ms","ip":"::1"}
[2025-08-07T08:49:39.804Z] ERROR: GET /api/offers - 404 | {"duration":"0ms","ip":"::1"}
[2025-08-07T08:49:39.811Z] ERROR: GET /api/offers - 404 | {"duration":"0ms","ip":"::1"}
[2025-08-07T08:49:39.856Z] ERROR: GET /api/offers - 404 | {"duration":"0ms","ip":"::1"}
[2025-08-07T08:49:39.859Z] ERROR: GET /api/offers - 404 | {"duration":"1ms","ip":"::1"}
[2025-08-07T08:49:40.040Z] ERROR: GET /placeholder/300/200 - 404 | {"duration":"0ms","ip":"::1"}
[2025-08-07T08:50:11.323Z] ERROR: GET /api/offers - 404 | {"duration":"2ms","ip":"::1"}
[2025-08-07T08:50:11.328Z] ERROR: GET /api/offers - 404 | {"duration":"1ms","ip":"::1"}
[2025-08-07T08:50:11.920Z] ERROR: GET /placeholder/300/200 - 404 | {"duration":"1ms","ip":"::1"}
[2025-08-07T08:50:12.929Z] ERROR: GET /api/offers - 404 | {"duration":"2ms","ip":"::1"}
[2025-08-07T08:50:12.940Z] ERROR: GET /api/offers - 404 | {"duration":"0ms","ip":"::1"}
[2025-08-07T08:50:13.036Z] ERROR: GET /api/offers - 404 | {"duration":"4ms","ip":"::1"}
[2025-08-07T08:50:13.042Z] ERROR: GET /api/offers - 404 | {"duration":"0ms","ip":"::1"}
[2025-08-07T08:50:13.246Z] ERROR: GET /placeholder/300/200 - 404 | {"duration":"1ms","ip":"::1"}
[2025-08-07T08:50:13.804Z] ERROR: GET /api/offers - 404 | {"duration":"1ms","ip":"::1"}
[2025-08-07T08:50:13.814Z] ERROR: GET /api/offers - 404 | {"duration":"1ms","ip":"::1"}
[2025-08-07T08:50:13.862Z] ERROR: GET /api/offers - 404 | {"duration":"0ms","ip":"::1"}
[2025-08-07T08:50:13.864Z] ERROR: GET /api/offers - 404 | {"duration":"0ms","ip":"::1"}
[2025-08-07T08:50:14.207Z] ERROR: GET /placeholder/300/200 - 404 | {"duration":"0ms","ip":"::1"}
[2025-08-07T08:52:01.817Z] ERROR: GET /api/offers - 404 | {"duration":"0ms","ip":"::1"}
[2025-08-07T08:52:01.821Z] ERROR: GET /api/offers - 404 | {"duration":"1ms","ip":"::1"}
[2025-08-07T08:52:01.852Z] ERROR: GET /api/offers - 404 | {"duration":"0ms","ip":"::1"}
[2025-08-07T08:52:01.854Z] ERROR: GET /api/offers - 404 | {"duration":"0ms","ip":"::1"}
[2025-08-07T08:52:01.919Z] ERROR: GET /api/offers - 404 | {"duration":"1ms","ip":"::1"}
[2025-08-07T08:52:01.921Z] ERROR: GET /api/offers - 404 | {"duration":"1ms","ip":"::1"}
[2025-08-07T08:52:01.961Z] ERROR: GET /api/offers - 404 | {"duration":"1ms","ip":"::1"}
[2025-08-07T08:52:01.963Z] ERROR: GET /api/offers - 404 | {"duration":"1ms","ip":"::1"}
[2025-08-07T08:52:02.121Z] ERROR: GET /placeholder/300/200 - 404 | {"duration":"0ms","ip":"::1"}
[2025-08-07T08:52:02.175Z] ERROR: GET /placeholder/300/200 - 404 | {"duration":"1ms","ip":"::1"}
[2025-08-07T08:52:53.526Z] ERROR: GET /api/offers - 404 | {"duration":"3ms","ip":"::1"}
[2025-08-07T08:52:53.528Z] ERROR: GET /api/offers - 404 | {"duration":"0ms","ip":"::1"}
[2025-08-07T08:52:53.593Z] ERROR: GET /placeholder/300/200 - 404 | {"duration":"0ms","ip":"::1"}
[2025-08-07T08:52:58.666Z] ERROR: GET /api/offers - 404 | {"duration":"1ms","ip":"::1"}
[2025-08-07T08:52:58.671Z] ERROR: GET /api/offers - 404 | {"duration":"1ms","ip":"::1"}
[2025-08-07T08:52:58.741Z] ERROR: GET /placeholder/300/200 - 404 | {"duration":"1ms","ip":"::1"}
[2025-08-07T08:53:02.634Z] ERROR: GET /api/offers - 404 | {"duration":"1ms","ip":"::1"}
[2025-08-07T08:53:02.638Z] ERROR: GET /api/offers - 404 | {"duration":"0ms","ip":"::1"}
[2025-08-07T08:53:02.916Z] ERROR: GET /placeholder/300/200 - 404 | {"duration":"1ms","ip":"::1"}
[2025-08-07T08:53:16.664Z] ERROR: GET /placeholder/300/200 - 404 | {"duration":"1ms","ip":"::1"}
[2025-08-07T08:58:44.227Z] ERROR: GET /api/offers - 404 | {"duration":"0ms","ip":"::1"}
[2025-08-07T08:58:44.231Z] ERROR: GET /api/offers - 404 | {"duration":"0ms","ip":"::1"}
[2025-08-07T08:58:44.517Z] ERROR: GET /placeholder/300/200 - 404 | {"duration":"1ms","ip":"::1"}
[2025-08-07T09:01:02.412Z] ERROR: GET /api/offers - 404 | {"duration":"1ms","ip":"::1"}
[2025-08-07T09:01:02.418Z] ERROR: GET /api/offers - 404 | {"duration":"0ms","ip":"::1"}
[2025-08-07T09:01:02.439Z] ERROR: GET /api/offers - 404 | {"duration":"0ms","ip":"::1"}
[2025-08-07T09:01:02.442Z] ERROR: GET /api/offers - 404 | {"duration":"0ms","ip":"::1"}
[2025-08-07T09:01:02.571Z] ERROR: GET /placeholder/300/200 - 404 | {"duration":"1ms","ip":"::1"}
[2025-08-07T09:01:06.909Z] ERROR: GET /api/offers - 404 | {"duration":"0ms","ip":"::1"}
[2025-08-07T09:01:06.913Z] ERROR: GET /api/offers - 404 | {"duration":"1ms","ip":"::1"}
[2025-08-07T09:01:06.940Z] ERROR: GET /api/offers - 404 | {"duration":"1ms","ip":"::1"}
[2025-08-07T09:01:06.943Z] ERROR: GET /api/offers - 404 | {"duration":"1ms","ip":"::1"}
[2025-08-07T09:01:07.102Z] ERROR: GET /placeholder/300/200 - 404 | {"duration":"0ms","ip":"::1"}
[2025-08-07T09:01:07.742Z] ERROR: GET /api/offers - 404 | {"duration":"1ms","ip":"::1"}
[2025-08-07T09:01:07.745Z] ERROR: GET /api/offers - 404 | {"duration":"0ms","ip":"::1"}
[2025-08-07T09:01:07.785Z] ERROR: GET /api/offers - 404 | {"duration":"0ms","ip":"::1"}
[2025-08-07T09:01:07.791Z] ERROR: GET /api/offers - 404 | {"duration":"1ms","ip":"::1"}
[2025-08-07T09:01:07.903Z] ERROR: GET /placeholder/300/200 - 404 | {"duration":"0ms","ip":"::1"}
[2025-08-07T09:01:10.559Z] ERROR: GET /api/offers - 404 | {"duration":"3ms","ip":"::1"}
[2025-08-07T09:01:10.564Z] ERROR: GET /api/offers - 404 | {"duration":"1ms","ip":"::1"}
[2025-08-07T09:01:10.586Z] ERROR: GET /api/offers - 404 | {"duration":"0ms","ip":"::1"}
[2025-08-07T09:01:10.589Z] ERROR: GET /api/offers - 404 | {"duration":"1ms","ip":"::1"}
[2025-08-07T09:01:10.710Z] ERROR: GET /placeholder/300/200 - 404 | {"duration":"0ms","ip":"::1"}
[2025-08-07T09:03:09.778Z] ERROR: GET /api/offers - 404 | {"duration":"1ms","ip":"::1"}
[2025-08-07T09:03:09.786Z] ERROR: GET /api/offers - 404 | {"duration":"1ms","ip":"::1"}
[2025-08-07T09:03:09.851Z] ERROR: GET /placeholder/300/200 - 404 | {"duration":"1ms","ip":"::1"}
[2025-08-07T09:30:39.837Z] ERROR: GET /api/offers - 404 | {"duration":"3ms","ip":"::1"}
[2025-08-07T09:30:39.839Z] ERROR: GET /api/offers - 404 | {"duration":"0ms","ip":"::1"}
[2025-08-07T09:30:39.881Z] ERROR: GET /api/offers - 404 | {"duration":"1ms","ip":"::1"}
[2025-08-07T09:30:39.886Z] ERROR: GET /api/offers - 404 | {"duration":"1ms","ip":"::1"}
[2025-08-07T09:30:40.024Z] ERROR: GET /placeholder/300/200 - 404 | {"duration":"1ms","ip":"::1"}
[2025-08-07T09:31:55.742Z] ERROR: GET /api/offers - 404 | {"duration":"1ms","ip":"::1"}
[2025-08-07T09:31:55.748Z] ERROR: GET /api/offers - 404 | {"duration":"1ms","ip":"::1"}
[2025-08-07T09:31:55.764Z] ERROR: GET /api/offers - 404 | {"duration":"1ms","ip":"::1"}
[2025-08-07T09:31:55.766Z] ERROR: GET /api/offers - 404 | {"duration":"0ms","ip":"::1"}
[2025-08-07T09:31:55.902Z] ERROR: GET /placeholder/300/200 - 404 | {"duration":"0ms","ip":"::1"}
[2025-08-07T09:36:06.173Z] ERROR: GET /api/offers - 404 | {"duration":"0ms","ip":"::1"}
[2025-08-07T09:36:06.181Z] ERROR: GET /api/offers - 404 | {"duration":"1ms","ip":"::1"}
[2025-08-07T09:36:06.249Z] ERROR: GET /placeholder/300/200 - 404 | {"duration":"1ms","ip":"::1"}
[2025-08-07T09:36:07.654Z] ERROR: GET /api/offers - 404 | {"duration":"1ms","ip":"::1"}
[2025-08-07T09:36:07.667Z] ERROR: GET /api/offers - 404 | {"duration":"5ms","ip":"::1"}
[2025-08-07T09:36:36.930Z] ERROR: GET /api/offers - 404 | {"duration":"1ms","ip":"::1"}
[2025-08-07T09:36:36.933Z] ERROR: GET /api/offers - 404 | {"duration":"0ms","ip":"::1"}
[2025-08-07T09:36:37.082Z] ERROR: GET /placeholder/300/200 - 404 | {"duration":"1ms","ip":"::1"}
[2025-08-07T09:36:38.938Z] ERROR: GET /api/offers - 404 | {"duration":"3ms","ip":"::1"}
[2025-08-07T09:36:38.940Z] ERROR: GET /api/offers - 404 | {"duration":"1ms","ip":"::1"}
[2025-08-07T09:36:39.090Z] ERROR: GET /placeholder/300/200 - 404 | {"duration":"0ms","ip":"::1"}
[2025-08-07T09:36:45.693Z] ERROR: GET /api/offers - 404 | {"duration":"1ms","ip":"::1"}
[2025-08-07T09:36:45.698Z] ERROR: GET /api/offers - 404 | {"duration":"1ms","ip":"::1"}
[2025-08-07T09:36:45.718Z] ERROR: GET /api/offers - 404 | {"duration":"2ms","ip":"::1"}
[2025-08-07T09:36:45.725Z] ERROR: GET /api/offers - 404 | {"duration":"0ms","ip":"::1"}
[2025-08-07T09:36:47.850Z] ERROR: GET /api/offers - 404 | {"duration":"0ms","ip":"::1"}
[2025-08-07T09:36:47.853Z] ERROR: GET /api/offers - 404 | {"duration":"0ms","ip":"::1"}
[2025-08-07T09:36:47.912Z] ERROR: GET /placeholder/300/200 - 404 | {"duration":"1ms","ip":"::1"}
[2025-08-07T09:36:54.961Z] ERROR: GET /api/offers - 404 | {"duration":"0ms","ip":"::1"}
[2025-08-07T09:36:54.965Z] ERROR: GET /api/offers - 404 | {"duration":"1ms","ip":"::1"}
[2025-08-07T09:36:55.030Z] ERROR: GET /placeholder/300/200 - 404 | {"duration":"0ms","ip":"::1"}
[2025-08-07T09:36:56.577Z] ERROR: GET /api/offers - 404 | {"duration":"1ms","ip":"::1"}
[2025-08-07T09:36:56.585Z] ERROR: GET /api/offers - 404 | {"duration":"1ms","ip":"::1"}
[2025-08-07T09:37:06.026Z] ERROR: GET /api/offers - 404 | {"duration":"1ms","ip":"::1"}
[2025-08-07T09:37:06.029Z] ERROR: GET /api/offers - 404 | {"duration":"0ms","ip":"::1"}
[2025-08-07T09:37:06.310Z] ERROR: GET /placeholder/300/200 - 404 | {"duration":"1ms","ip":"::1"}
[2025-08-07T09:37:07.217Z] ERROR: GET /api/offers - 404 | {"duration":"1ms","ip":"::1"}
[2025-08-07T09:37:07.228Z] ERROR: GET /api/offers - 404 | {"duration":"4ms","ip":"::1"}
[2025-08-07T09:37:40.662Z] ERROR: GET /api/offers - 404 | {"duration":"1ms","ip":"::1"}
[2025-08-07T09:37:40.666Z] ERROR: GET /api/offers - 404 | {"duration":"1ms","ip":"::1"}
[2025-08-07T09:37:40.736Z] ERROR: GET /placeholder/300/200 - 404 | {"duration":"1ms","ip":"::1"}
[2025-08-07T09:37:41.481Z] ERROR: GET /api/offers - 404 | {"duration":"0ms","ip":"::1"}
[2025-08-07T09:37:41.491Z] ERROR: GET /api/offers - 404 | {"duration":"3ms","ip":"::1"}
[2025-08-07T09:37:43.885Z] ERROR: GET /api/offers - 404 | {"duration":"0ms","ip":"::1"}
[2025-08-07T09:37:43.889Z] ERROR: GET /api/offers - 404 | {"duration":"1ms","ip":"::1"}
[2025-08-07T09:37:43.955Z] ERROR: GET /placeholder/300/200 - 404 | {"duration":"1ms","ip":"::1"}
[2025-08-07T09:37:44.587Z] ERROR: GET /api/offers - 404 | {"duration":"5ms","ip":"::1"}
[2025-08-07T09:37:44.594Z] ERROR: GET /api/offers - 404 | {"duration":"1ms","ip":"::1"}
[2025-08-07T09:37:46.790Z] ERROR: GET /api/offers - 404 | {"duration":"0ms","ip":"::1"}
[2025-08-07T09:37:46.796Z] ERROR: GET /api/offers - 404 | {"duration":"1ms","ip":"::1"}
[2025-08-07T09:37:46.862Z] ERROR: GET /placeholder/300/200 - 404 | {"duration":"1ms","ip":"::1"}
[2025-08-07T09:37:47.399Z] ERROR: GET /api/offers - 404 | {"duration":"1ms","ip":"::1"}
[2025-08-07T09:37:47.412Z] ERROR: GET /api/offers - 404 | {"duration":"5ms","ip":"::1"}
[2025-08-07T09:38:35.561Z] ERROR: POST /otp/send-otp - 404 | {"duration":"2ms","ip":"::1"}
[2025-08-07T09:38:59.016Z] ERROR: POST /otp/send-otp - 404 | {"duration":"2ms","ip":"::1"}
[2025-08-07T09:40:01.590Z] ERROR: POST /otp/send-otp - 404 | {"duration":"2ms","ip":"::1"}
[2025-08-07T09:44:39.296Z] ERROR: POST /otp/send-otp - 404 | {"duration":"14ms","ip":"::1"}
[2025-08-07T09:47:29.451Z] ERROR: POST /otp/send-otp - 404 | {"duration":"2ms","ip":"::1"}
[2025-08-07T09:52:25.201Z] ERROR: GET /api/offers - 404 | {"duration":"3ms","ip":"::1"}
[2025-08-07T09:52:25.207Z] ERROR: GET /api/offers - 404 | {"duration":"2ms","ip":"::1"}
[2025-08-07T09:52:25.476Z] ERROR: GET /placeholder/300/200 - 404 | {"duration":"3ms","ip":"::1"}
[2025-08-07T09:52:26.534Z] ERROR: GET /api/offers - 404 | {"duration":"0ms","ip":"::1"}
[2025-08-07T09:52:26.544Z] ERROR: GET /api/offers - 404 | {"duration":"1ms","ip":"::1"}
[2025-08-07T09:52:50.780Z] ERROR: GET /api/offers - 404 | {"duration":"0ms","ip":"::1"}
[2025-08-07T09:52:50.786Z] ERROR: GET /api/offers - 404 | {"duration":"2ms","ip":"::1"}
[2025-08-07T09:52:50.850Z] ERROR: GET /placeholder/300/200 - 404 | {"duration":"1ms","ip":"::1"}
[2025-08-07T09:52:52.121Z] ERROR: GET /api/offers - 404 | {"duration":"0ms","ip":"::1"}
[2025-08-07T09:52:52.132Z] ERROR: GET /api/offers - 404 | {"duration":"2ms","ip":"::1"}
[2025-08-07T09:52:52.155Z] ERROR: GET /api/offers - 404 | {"duration":"3ms","ip":"::1"}
[2025-08-07T09:52:52.162Z] ERROR: GET /api/offers - 404 | {"duration":"1ms","ip":"::1"}
[2025-08-07T16:05:43.955Z] ERROR: POST /login - 400 | {"duration":"30018ms","ip":"::1"}
[2025-08-07T16:05:53.503Z] ERROR: GET /api/offers - 404 | {"duration":"3ms","ip":"::1"}
[2025-08-07T16:05:53.511Z] ERROR: GET /api/offers - 404 | {"duration":"2ms","ip":"::1"}
[2025-08-07T16:05:56.054Z] ERROR: GET /placeholder/300/200 - 404 | {"duration":"0ms","ip":"::1"}
[2025-08-07T16:05:56.653Z] ERROR: GET /api/offers - 404 | {"duration":"3ms","ip":"::1"}
[2025-08-07T16:05:56.667Z] ERROR: GET /api/offers - 404 | {"duration":"10ms","ip":"::1"}
[2025-08-07T16:06:14.966Z] ERROR: GET /api/offers - 404 | {"duration":"1ms","ip":"::1"}
[2025-08-07T16:06:14.976Z] ERROR: GET /api/offers - 404 | {"duration":"1ms","ip":"::1"}
[2025-08-07T16:06:14.994Z] ERROR: GET /api/offers - 404 | {"duration":"4ms","ip":"::1"}
[2025-08-07T16:06:15.012Z] ERROR: GET /api/offers - 404 | {"duration":"3ms","ip":"::1"}
[2025-08-07T16:06:19.853Z] ERROR: GET /api/offers - 404 | {"duration":"10ms","ip":"::1"}
[2025-08-07T16:06:19.857Z] ERROR: GET /api/offers - 404 | {"duration":"1ms","ip":"::1"}
[2025-08-07T16:06:19.887Z] ERROR: GET /api/offers - 404 | {"duration":"5ms","ip":"::1"}
[2025-08-07T16:06:19.897Z] ERROR: GET /api/offers - 404 | {"duration":"1ms","ip":"::1"}
[2025-08-07T16:30:49.550Z] ERROR: GET /api/owners/dashboard - 404 | {"duration":"1ms","ip":"::1"}
[2025-08-07T16:30:49.553Z] ERROR: GET /api/owners/dashboard - 404 | {"duration":"1ms","ip":"::1"}
[2025-08-07T16:31:05.724Z] ERROR: GET /api/owners/dashboard - 404 | {"duration":"1ms","ip":"::1"}
[2025-08-07T16:31:05.732Z] ERROR: GET /api/owners/dashboard - 404 | {"duration":"1ms","ip":"::1"}
[2025-08-07T16:31:05.768Z] ERROR: GET /api/owners/dashboard - 404 | {"duration":"0ms","ip":"::1"}
[2025-08-07T16:31:05.771Z] ERROR: GET /api/owners/dashboard - 404 | {"duration":"1ms","ip":"::1"}
[2025-08-07T16:31:19.883Z] ERROR: GET /api/owners/dashboard - 404 | {"duration":"1ms","ip":"::1"}
[2025-08-07T16:31:19.885Z] ERROR: GET /api/owners/dashboard - 404 | {"duration":"0ms","ip":"::1"}
[2025-08-07T16:31:21.744Z] ERROR: GET /api/owners/dashboard - 404 | {"duration":"0ms","ip":"::1"}
[2025-08-07T16:31:21.746Z] ERROR: GET /api/owners/dashboard - 404 | {"duration":"0ms","ip":"::1"}
[2025-08-07T16:31:23.986Z] ERROR: GET /api/owners/dashboard - 404 | {"duration":"1ms","ip":"::1"}
[2025-08-07T16:31:23.988Z] ERROR: GET /api/owners/dashboard - 404 | {"duration":"0ms","ip":"::1"}
[2025-08-07T16:31:25.416Z] ERROR: GET /pg - 404 | {"duration":"1ms","ip":"::1"}
[2025-08-07T16:31:25.422Z] ERROR: GET /pg - 404 | {"duration":"1ms","ip":"::1"}
[2025-08-07T16:31:33.950Z] ERROR: GET /api/owners/dashboard - 404 | {"duration":"1ms","ip":"::1"}
[2025-08-07T16:31:33.952Z] ERROR: GET /api/owners/dashboard - 404 | {"duration":"0ms","ip":"::1"}
[2025-08-07T16:31:36.356Z] ERROR: GET /owner/bookings - 404 | {"duration":"1ms","ip":"::1"}
[2025-08-07T16:31:36.362Z] ERROR: GET /owner/bookings - 404 | {"duration":"0ms","ip":"::1"}
[2025-08-07T16:31:37.347Z] ERROR: GET /api/owners/dashboard - 404 | {"duration":"0ms","ip":"::1"}
[2025-08-07T16:31:37.349Z] ERROR: GET /api/owners/dashboard - 404 | {"duration":"0ms","ip":"::1"}
[2025-08-07T16:31:38.757Z] ERROR: GET /bikes - 404 | {"duration":"1ms","ip":"::1"}
[2025-08-07T16:31:38.763Z] ERROR: GET /bikes - 404 | {"duration":"0ms","ip":"::1"}
[2025-08-07T16:31:43.682Z] ERROR: GET /api/owners/dashboard - 404 | {"duration":"0ms","ip":"::1"}
[2025-08-07T16:31:43.684Z] ERROR: GET /api/owners/dashboard - 404 | {"duration":"0ms","ip":"::1"}
[2025-08-07T16:31:45.944Z] ERROR: GET /owner/documents - 404 | {"duration":"1ms","ip":"::1"}
[2025-08-07T16:31:45.949Z] ERROR: GET /owner/documents - 404 | {"duration":"1ms","ip":"::1"}
[2025-08-07T16:31:46.935Z] ERROR: GET /api/owners/dashboard - 404 | {"duration":"0ms","ip":"::1"}
[2025-08-07T16:31:46.937Z] ERROR: GET /api/owners/dashboard - 404 | {"duration":"0ms","ip":"::1"}
[2025-08-07T16:31:48.060Z] ERROR: GET /owner/analytics - 404 | {"duration":"1ms","ip":"::1"}
[2025-08-07T16:31:48.066Z] ERROR: GET /owner/analytics - 404 | {"duration":"0ms","ip":"::1"}
[2025-08-07T16:31:48.953Z] ERROR: GET /api/owners/dashboard - 404 | {"duration":"1ms","ip":"::1"}
[2025-08-07T16:31:48.955Z] ERROR: GET /api/owners/dashboard - 404 | {"duration":"1ms","ip":"::1"}
[2025-08-07T16:31:50.263Z] ERROR: GET /owner/profile - 404 | {"duration":"1ms","ip":"::1"}
[2025-08-07T16:31:50.268Z] ERROR: GET /owner/profile - 404 | {"duration":"1ms","ip":"::1"}
[2025-08-07T16:31:51.270Z] ERROR: GET /api/owners/dashboard - 404 | {"duration":"1ms","ip":"::1"}
[2025-08-07T16:31:51.271Z] ERROR: GET /api/owners/dashboard - 404 | {"duration":"0ms","ip":"::1"}
[2025-08-07T16:32:06.353Z] ERROR: GET /api/owners/dashboard - 404 | {"duration":"0ms","ip":"::1"}
[2025-08-07T16:32:06.355Z] ERROR: GET /api/owners/dashboard - 404 | {"duration":"0ms","ip":"::1"}
[2025-08-07T16:32:29.633Z] ERROR: GET /owner/profile - 404 | {"duration":"1ms","ip":"::1"}
[2025-08-07T16:32:29.949Z] ERROR: GET /owner/profile - 404 | {"duration":"1ms","ip":"::1"}
[2025-08-07T16:32:39.008Z] ERROR: GET /api/owners/dashboard - 404 | {"duration":"1ms","ip":"::1"}
[2025-08-07T16:32:39.011Z] ERROR: GET /api/owners/dashboard - 404 | {"duration":"1ms","ip":"::1"}
[2025-08-07T16:32:54.621Z] ERROR: GET /owner/profile - 404 | {"duration":"1ms","ip":"::1"}
[2025-08-07T16:32:54.938Z] ERROR: GET /owner/profile - 404 | {"duration":"1ms","ip":"::1"}
[2025-08-07T16:32:56.596Z] ERROR: GET /api/owners/dashboard - 404 | {"duration":"1ms","ip":"::1"}
[2025-08-07T16:32:56.598Z] ERROR: GET /api/owners/dashboard - 404 | {"duration":"1ms","ip":"::1"}
[2025-08-07T16:32:57.713Z] ERROR: GET /owner/notifications - 404 | {"duration":"1ms","ip":"::1"}
[2025-08-07T16:32:57.717Z] ERROR: GET /owner/notifications - 404 | {"duration":"0ms","ip":"::1"}
[2025-08-07T16:32:58.699Z] ERROR: GET /api/owners/dashboard - 404 | {"duration":"1ms","ip":"::1"}
[2025-08-07T16:32:58.701Z] ERROR: GET /api/owners/dashboard - 404 | {"duration":"1ms","ip":"::1"}
[2025-08-07T16:33:58.552Z] ERROR: GET /api/owners/dashboard - 404 | {"duration":"0ms","ip":"::1"}
[2025-08-07T16:33:58.561Z] ERROR: GET /api/owners/dashboard - 404 | {"duration":"1ms","ip":"::1"}
[2025-08-07T16:33:58.617Z] ERROR: GET /api/owners/dashboard - 404 | {"duration":"0ms","ip":"::1"}
[2025-08-07T16:33:58.640Z] ERROR: GET /api/owners/dashboard - 404 | {"duration":"0ms","ip":"::1"}
[2025-08-07T16:34:35.418Z] ERROR: GET /api/owners/dashboard - 404 | {"duration":"0ms","ip":"::1"}
[2025-08-07T16:34:35.424Z] ERROR: GET /api/owners/dashboard - 404 | {"duration":"1ms","ip":"::1"}
[2025-08-07T16:34:35.456Z] ERROR: GET /api/owners/dashboard - 404 | {"duration":"0ms","ip":"::1"}
[2025-08-07T16:34:35.458Z] ERROR: GET /api/owners/dashboard - 404 | {"duration":"0ms","ip":"::1"}
[2025-08-07T16:34:38.396Z] ERROR: GET /api/owners/dashboard - 404 | {"duration":"1ms","ip":"::1"}
[2025-08-07T16:34:38.401Z] ERROR: GET /api/owners/dashboard - 404 | {"duration":"0ms","ip":"::1"}
[2025-08-07T16:34:38.426Z] ERROR: GET /api/owners/dashboard - 404 | {"duration":"1ms","ip":"::1"}
[2025-08-07T16:34:38.428Z] ERROR: GET /api/owners/dashboard - 404 | {"duration":"0ms","ip":"::1"}
[2025-08-07T16:34:44.077Z] ERROR: GET /api/owners/dashboard - 404 | {"duration":"1ms","ip":"::1"}
[2025-08-07T16:34:44.085Z] ERROR: GET /api/owners/dashboard - 404 | {"duration":"0ms","ip":"::1"}
[2025-08-07T16:34:44.118Z] ERROR: GET /api/owners/dashboard - 404 | {"duration":"1ms","ip":"::1"}
[2025-08-07T16:34:44.121Z] ERROR: GET /api/owners/dashboard - 404 | {"duration":"1ms","ip":"::1"}
[2025-08-07T16:34:45.154Z] ERROR: GET /api/owners/dashboard - 404 | {"duration":"0ms","ip":"::1"}
[2025-08-07T16:34:45.159Z] ERROR: GET /api/owners/dashboard - 404 | {"duration":"1ms","ip":"::1"}
[2025-08-07T16:34:45.186Z] ERROR: GET /api/owners/dashboard - 404 | {"duration":"0ms","ip":"::1"}
[2025-08-07T16:34:45.188Z] ERROR: GET /api/owners/dashboard - 404 | {"duration":"0ms","ip":"::1"}
[2025-08-07T16:50:24.603Z] ERROR: POST /api/admin/send-otp - 404 | {"duration":"4ms","ip":"::1"}
[2025-08-07T16:50:28.328Z] ERROR: POST /api/admin/send-otp - 404 | {"duration":"3ms","ip":"::1"}
[2025-08-07T16:51:03.628Z] ERROR: POST /api/admin/send-otp - 404 | {"duration":"2ms","ip":"::1"}
[2025-08-07T16:52:00.132Z] ERROR: POST /api/admin/send-otp - 404 | {"duration":"1ms","ip":"::1"}
[2025-08-07T16:52:08.188Z] ERROR: POST /api/admin/send-otp - 404 | {"duration":"1ms","ip":"::1"}
[2025-08-07T16:53:02.441Z] ERROR: POST /api/admin/send-otp - 404 | {"duration":"3ms","ip":"::1"}
[2025-08-07T16:57:27.388Z] ERROR: POST /api/admin/send-otp - 404 | {"duration":"2ms","ip":"::1"}
[2025-08-07T17:01:30.726Z] ERROR: POST /send-otp - 429 | {"duration":"121ms","ip":"::1"}
[2025-08-07T17:02:28.978Z] ERROR: POST /login - 404 | {"duration":"42ms","ip":"::1"}
[2025-08-07T17:02:46.719Z] ERROR: POST /login - 404 | {"duration":"40ms","ip":"::1"}
[2025-08-07T17:04:10.545Z] ERROR: POST /send-otp - 429 | {"duration":"135ms","ip":"::1"}
[2025-08-07T17:04:34.816Z] ERROR: POST /send-otp - 429 | {"duration":"91ms","ip":"::1"}
[2025-08-07T17:22:38.064Z] ERROR: POST /send-otp - 429 | {"duration":"143ms","ip":"::1"}
[2025-08-07T17:22:50.939Z] ERROR: POST /send-otp - 429 | {"duration":"111ms","ip":"::1"}
[2025-08-07T18:55:31.794Z] ERROR: GET /api/admin/me - 404 | {"duration":"4ms","ip":"::1"}
[2025-08-07T18:55:31.885Z] ERROR: GET /api/admin/dashboard - 404 | {"duration":"2ms","ip":"::1"}
[2025-08-07T18:55:31.888Z] ERROR: GET /api/admin/dashboard - 404 | {"duration":"1ms","ip":"::1"}
[2025-08-07T18:56:26.992Z] ERROR: GET /api/admin/me - 404 | {"duration":"0ms","ip":"::1"}
[2025-08-07T18:56:26.995Z] ERROR: GET /api/admin/me - 404 | {"duration":"1ms","ip":"::1"}
[2025-08-07T18:56:29.308Z] ERROR: GET /api/admin/me - 404 | {"duration":"2ms","ip":"::1"}
[2025-08-07T18:56:29.313Z] ERROR: GET /api/admin/me - 404 | {"duration":"0ms","ip":"::1"}
[2025-08-07T18:56:30.084Z] ERROR: GET /api/admin/me - 404 | {"duration":"1ms","ip":"::1"}
[2025-08-07T18:56:30.089Z] ERROR: GET /api/admin/me - 404 | {"duration":"1ms","ip":"::1"}
[2025-08-07T18:56:41.391Z] ERROR: GET /api/admin/me - 404 | {"duration":"2ms","ip":"::1"}
[2025-08-07T18:56:41.393Z] ERROR: GET /api/admin/me - 404 | {"duration":"1ms","ip":"::1"}
[2025-08-07T18:56:41.483Z] ERROR: GET /api/admin/dashboard - 404 | {"duration":"0ms","ip":"::1"}
[2025-08-07T18:56:41.485Z] ERROR: GET /api/admin/dashboard - 404 | {"duration":"0ms","ip":"::1"}
[2025-08-07T18:57:27.430Z] ERROR: GET /api/admin/me - 404 | {"duration":"0ms","ip":"::1"}
[2025-08-07T18:57:27.433Z] ERROR: GET /api/admin/me - 404 | {"duration":"0ms","ip":"::1"}
[2025-08-07T18:57:27.476Z] ERROR: GET /api/admin/dashboard - 404 | {"duration":"1ms","ip":"::1"}
[2025-08-07T18:57:27.478Z] ERROR: GET /api/admin/dashboard - 404 | {"duration":"1ms","ip":"::1"}
[2025-08-07T19:05:39.339Z] ERROR: GET /dashboard - 401 | {"duration":"1ms","ip":"::1"}
[2025-08-07T19:05:39.345Z] ERROR: GET /dashboard - 401 | {"duration":"1ms","ip":"::1"}
[2025-08-07T19:05:39.405Z] ERROR: GET /dashboard - 401 | {"duration":"1ms","ip":"::1"}
[2025-08-07T19:05:39.410Z] ERROR: GET /dashboard - 401 | {"duration":"1ms","ip":"::1"}
[2025-08-07T19:06:15.058Z] ERROR: GET /dashboard - 401 | {"duration":"1ms","ip":"::1"}
[2025-08-07T19:06:15.060Z] ERROR: GET /dashboard - 401 | {"duration":"0ms","ip":"::1"}
[2025-08-07T19:09:03.153Z] ERROR: GET /api/admin/recent-activities - 404 | {"duration":"3ms","ip":"::1"}
[2025-08-07T19:09:03.213Z] ERROR: GET /api/admin/recent-activities - 404 | {"duration":"2ms","ip":"::1"}
[2025-08-07T19:09:03.283Z] ERROR: GET /api/admin/recent-activities - 404 | {"duration":"0ms","ip":"::1"}
[2025-08-07T19:09:03.354Z] ERROR: GET /api/admin/recent-activities - 404 | {"duration":"0ms","ip":"::1"}
[2025-08-07T19:09:47.438Z] ERROR: GET /api/admin/recent-activities - 404 | {"duration":"3ms","ip":"::1"}
[2025-08-07T19:09:47.506Z] ERROR: GET /api/admin/recent-activities - 404 | {"duration":"1ms","ip":"::1"}
[2025-08-07T19:13:25.725Z] ERROR: GET /api/admin/recent-activities - 404 | {"duration":"1ms","ip":"::1"}
[2025-08-07T19:13:25.732Z] ERROR: GET /api/admin/recent-activities - 404 | {"duration":"1ms","ip":"::1"}
[2025-08-07T19:13:25.784Z] ERROR: GET /api/admin/recent-activities - 404 | {"duration":"2ms","ip":"::1"}
[2025-08-07T19:13:25.861Z] ERROR: GET /api/admin/recent-activities - 404 | {"duration":"1ms","ip":"::1"}
[2025-08-07T19:23:46.133Z] ERROR: GET /recent-activities - 401 | {"duration":"6ms","ip":"::1"}
[2025-08-07T19:23:46.200Z] ERROR: GET /recent-activities - 401 | {"duration":"4ms","ip":"::1"}
[2025-08-07T19:23:50.309Z] ERROR: GET /analytics/tenant/dashboard - 404 | {"duration":"10ms","ip":"::1"}
[2025-08-07T19:23:50.333Z] ERROR: GET /analytics/tenant/dashboard - 404 | {"duration":"6ms","ip":"::1"}
[2025-08-07T19:23:51.714Z] ERROR: GET /recent-activities - 401 | {"duration":"3ms","ip":"::1"}
[2025-08-07T19:23:51.779Z] ERROR: GET /recent-activities - 401 | {"duration":"1ms","ip":"::1"}
[2025-08-07T19:23:54.823Z] ERROR: GET /adminAuditLogs - 404 | {"duration":"2ms","ip":"::1"}
[2025-08-07T19:23:55.142Z] ERROR: GET /adminAuditLogs - 404 | {"duration":"2ms","ip":"::1"}
[2025-08-07T19:23:57.882Z] ERROR: GET /recent-activities - 401 | {"duration":"2ms","ip":"::1"}
[2025-08-07T19:23:58.011Z] ERROR: GET /recent-activities - 401 | {"duration":"2ms","ip":"::1"}
[2025-08-07T19:23:59.426Z] ERROR: GET /adminAuditLogs - 404 | {"duration":"2ms","ip":"::1"}
[2025-08-07T19:23:59.752Z] ERROR: GET /adminAuditLogs - 404 | {"duration":"1ms","ip":"::1"}
[2025-08-07T19:24:03.884Z] ERROR: GET /recent-activities - 401 | {"duration":"2ms","ip":"::1"}
[2025-08-07T19:24:03.949Z] ERROR: GET /recent-activities - 401 | {"duration":"1ms","ip":"::1"}
[2025-08-07T19:24:08.443Z] ERROR: GET /recent-activities - 401 | {"duration":"1ms","ip":"::1"}
[2025-08-07T19:24:08.516Z] ERROR: GET /recent-activities - 401 | {"duration":"2ms","ip":"::1"}
[2025-08-07T19:24:08.587Z] ERROR: GET /recent-activities - 401 | {"duration":"1ms","ip":"::1"}
[2025-08-07T19:24:08.651Z] ERROR: GET /recent-activities - 401 | {"duration":"1ms","ip":"::1"}
[2025-08-07T19:24:13.112Z] ERROR: GET /recent-activities - 401 | {"duration":"2ms","ip":"::1"}
[2025-08-07T19:24:13.164Z] ERROR: GET /recent-activities - 401 | {"duration":"1ms","ip":"::1"}
[2025-08-07T19:24:13.236Z] ERROR: GET /recent-activities - 401 | {"duration":"1ms","ip":"::1"}
[2025-08-07T19:24:13.347Z] ERROR: GET /recent-activities - 401 | {"duration":"2ms","ip":"::1"}
[2025-08-07T19:24:27.454Z] ERROR: GET /recent-activities - 401 | {"duration":"1ms","ip":"::1"}
[2025-08-07T19:24:27.522Z] ERROR: GET /recent-activities - 401 | {"duration":"1ms","ip":"::1"}
[2025-08-07T19:24:41.568Z] ERROR: GET /recent-activities - 401 | {"duration":"2ms","ip":"::1"}
[2025-08-07T19:24:41.633Z] ERROR: GET /recent-activities - 401 | {"duration":"1ms","ip":"::1"}
[2025-08-07T19:24:48.318Z] ERROR: GET /recent-activities - 401 | {"duration":"2ms","ip":"::1"}
[2025-08-07T19:24:48.388Z] ERROR: GET /recent-activities - 401 | {"duration":"1ms","ip":"::1"}
[2025-08-07T19:24:49.658Z] ERROR: GET /recent-activities - 401 | {"duration":"1ms","ip":"::1"}
[2025-08-07T19:24:49.724Z] ERROR: GET /recent-activities - 401 | {"duration":"1ms","ip":"::1"}
[2025-08-07T19:24:51.170Z] ERROR: GET /recent-activities - 401 | {"duration":"1ms","ip":"::1"}
[2025-08-07T19:24:51.216Z] ERROR: GET /recent-activities - 401 | {"duration":"1ms","ip":"::1"}
[2025-08-07T19:24:52.565Z] ERROR: GET /recent-activities - 401 | {"duration":"1ms","ip":"::1"}
[2025-08-07T19:24:52.625Z] ERROR: GET /recent-activities - 401 | {"duration":"1ms","ip":"::1"}
[2025-08-07T19:24:53.847Z] ERROR: GET /recent-activities - 401 | {"duration":"2ms","ip":"::1"}
[2025-08-07T19:24:53.910Z] ERROR: GET /recent-activities - 401 | {"duration":"2ms","ip":"::1"}
[2025-08-08T09:11:14.427Z] ERROR: GET /api/offers - 404 | {"duration":"4ms","ip":"::1"}
[2025-08-08T09:11:14.436Z] ERROR: GET /api/offers - 404 | {"duration":"2ms","ip":"::1"}
[2025-08-08T09:11:14.506Z] ERROR: GET /placeholder/300/200 - 404 | {"duration":"1ms","ip":"::1"}
[2025-08-08T09:13:24.457Z] ERROR: GET /api/offers - 404 | {"duration":"3ms","ip":"::1"}
[2025-08-08T09:13:24.464Z] ERROR: GET /api/offers - 404 | {"duration":"1ms","ip":"::1"}
[2025-08-08T09:13:24.570Z] ERROR: GET /placeholder/300/200 - 404 | {"duration":"2ms","ip":"::1"}
[2025-08-08T09:21:34.399Z] ERROR: GET /api/offers - 404 | {"duration":"1ms","ip":"::1"}
[2025-08-08T09:21:34.408Z] ERROR: GET /api/offers - 404 | {"duration":"0ms","ip":"::1"}
[2025-08-08T09:21:34.458Z] ERROR: GET /api/offers - 404 | {"duration":"1ms","ip":"::1"}
[2025-08-08T09:21:34.475Z] ERROR: GET /api/offers - 404 | {"duration":"4ms","ip":"::1"}
[2025-08-08T09:22:03.042Z] ERROR: GET /api/owners/dashboard - 404 | {"duration":"1ms","ip":"::1"}
[2025-08-08T09:22:03.044Z] ERROR: GET /api/owners/dashboard - 404 | {"duration":"1ms","ip":"::1"}
[2025-08-08T09:22:54.616Z] ERROR: GET /dashboard - 401 | {"duration":"1ms","ip":"::1"}
[2025-08-08T09:22:54.617Z] ERROR: GET /dashboard - 401 | {"duration":"0ms","ip":"::1"}
[2025-08-08T09:49:13.185Z] ERROR: GET /pg - 404 | {"duration":"1ms","ip":"::1"}
[2025-08-08T09:49:13.501Z] ERROR: GET /pg - 404 | {"duration":"1ms","ip":"::1"}
[2025-08-08T09:51:13.454Z] ERROR: GET /api/offers - 404 | {"duration":"6ms","ip":"::1"}
[2025-08-08T09:51:13.459Z] ERROR: GET /api/offers - 404 | {"duration":"1ms","ip":"::1"}
[2025-08-08T09:51:13.477Z] ERROR: GET /api/offers - 404 | {"duration":"3ms","ip":"::1"}
[2025-08-08T09:51:13.485Z] ERROR: GET /api/offers - 404 | {"duration":"0ms","ip":"::1"}
[2025-08-08T09:51:17.779Z] ERROR: GET /pg - 404 | {"duration":"1ms","ip":"::1"}
[2025-08-08T09:51:17.787Z] ERROR: GET /pg - 404 | {"duration":"1ms","ip":"::1"}
[2025-08-08T09:51:21.449Z] ERROR: GET /pg - 404 | {"duration":"0ms","ip":"::1"}
[2025-08-08T09:51:21.756Z] ERROR: GET /pg - 404 | {"duration":"0ms","ip":"::1"}
[2025-08-08T09:51:33.368Z] ERROR: GET /api/owners/dashboard - 404 | {"duration":"1ms","ip":"::1"}
[2025-08-08T09:51:33.372Z] ERROR: GET /api/owners/dashboard - 404 | {"duration":"0ms","ip":"::1"}
[2025-08-08T09:51:33.398Z] ERROR: GET /api/owners/dashboard - 404 | {"duration":"1ms","ip":"::1"}
[2025-08-08T09:51:33.401Z] ERROR: GET /api/owners/dashboard - 404 | {"duration":"1ms","ip":"::1"}
[2025-08-08T09:53:44.509Z] ERROR: GET /api/offers - 404 | {"duration":"0ms","ip":"::1"}
[2025-08-08T09:53:44.514Z] ERROR: GET /api/offers - 404 | {"duration":"0ms","ip":"::1"}
[2025-08-08T09:53:44.575Z] ERROR: GET /api/offers - 404 | {"duration":"0ms","ip":"::1"}
[2025-08-08T09:53:44.588Z] ERROR: GET /api/offers - 404 | {"duration":"5ms","ip":"::1"}
[2025-08-08T09:54:30.099Z] ERROR: GET /owner/profile - 404 | {"duration":"1ms","ip":"::1"}
[2025-08-08T09:54:30.109Z] ERROR: GET /owner/profile - 404 | {"duration":"1ms","ip":"::1"}
[2025-08-08T09:54:31.173Z] ERROR: GET /api/owners/dashboard - 404 | {"duration":"1ms","ip":"::1"}
[2025-08-08T09:54:31.175Z] ERROR: GET /api/owners/dashboard - 404 | {"duration":"0ms","ip":"::1"}
[2025-08-23T19:17:22.512Z] ERROR: POST /login - 404 | {"duration":"41ms","ip":"::1"}
[2025-08-23T19:18:19.009Z] ERROR: POST /login - 404 | {"duration":"43ms","ip":"::1"}
[2025-08-23T19:18:46.055Z] ERROR: GET /api/owners/recent-bookings - 404 | {"duration":"8ms","ip":"::1"}
[2025-08-23T19:18:46.060Z] ERROR: GET /api/owners/recent-bookings - 404 | {"duration":"2ms","ip":"::1"}
[2025-08-23T19:27:12.317Z] ERROR: POST /api/otp/check-email - 404 | {"duration":"6ms","ip":"::1"}
[2025-08-23T19:27:18.189Z] ERROR: POST /api/otp/check-email - 404 | {"duration":"3ms","ip":"::1"}
[2025-08-23T19:27:29.111Z] ERROR: POST /api/otp/check-email - 404 | {"duration":"3ms","ip":"::1"}
[2025-08-23T19:27:37.815Z] ERROR: POST /api/otp/check-email - 404 | {"duration":"2ms","ip":"::1"}
[2025-08-23T19:27:55.050Z] ERROR: POST /api/otp/check-email - 404 | {"duration":"5ms","ip":"::1"}
[2025-08-23T19:31:39.873Z] ERROR: POST /api/otp/check-email - 404 | {"duration":"3ms","ip":"::1"}
[2025-08-23T19:33:52.103Z] ERROR: POST /api/otp/check-email - 404 | {"duration":"2ms","ip":"::1"}
[2025-08-23T19:35:34.010Z] ERROR: POST /check-email - 409 | {"duration":"53ms","ip":"::1"}
[2025-08-23T19:35:48.369Z] ERROR: POST /check-email - 409 | {"duration":"38ms","ip":"::1"}
[2025-08-23T19:36:35.587Z] ERROR: POST /check-email - 409 | {"duration":"33ms","ip":"::1"}
[2025-08-23T19:37:26.505Z] ERROR: POST /check-email - 409 | {"duration":"41ms","ip":"::1"}
[2025-08-23T19:37:52.480Z] ERROR: POST /check-email - 409 | {"duration":"35ms","ip":"::1"}
[2025-08-23T19:38:50.749Z] ERROR: POST /check-email - 409 | {"duration":"34ms","ip":"::1"}
[2025-08-23T19:45:43.307Z] ERROR: GET /googleAuth/google - 404 | {"duration":"9ms","ip":"::1"}
[2025-08-23T20:12:10.431Z] ERROR: POST /verify-otp - 400 | {"duration":"121ms","ip":"::1"}
[2025-08-23T20:23:37.650Z] ERROR: GET /googleAuth/google - 404 | {"duration":"3ms","ip":"::1"}
[2025-08-24T11:26:34.147Z] ERROR: POST /check-email - 409 | {"duration":"517ms","ip":"::1"}
[2025-08-24T15:42:52.856Z] ERROR: GET /googleAuth/google - 404 | {"duration":"2ms","ip":"::1"}
[2025-08-24T15:48:44.643Z] ERROR: GET /googleAuth/google - 404 | {"duration":"1ms","ip":"::1"}
[2025-08-24T15:52:35.863Z] ERROR: GET /googleAuth/google - 404 | {"duration":"1ms","ip":"::1"}
[2025-08-24T16:56:38.726Z] ERROR: POST /api/pgs/public/6893a920d08082bfd8fd876b/inquiry - 404 | {"duration":"5ms","ip":"::1"}
