[2025-08-07T06:44:03.018Z] INFO: Server running on port 5000 | {"environment":"development","port":"5000","timestamp":"2025-08-07T06:44:03.018Z"}
[2025-08-07T06:44:03.470Z] INFO: MongoDB connected successfully
[2025-08-07T06:44:55.280Z] INFO: Server running on port 5000 | {"environment":"development","port":"5000","timestamp":"2025-08-07T06:44:55.279Z"}
[2025-08-07T06:44:55.803Z] INFO: MongoDB connected successfully
[2025-08-07T06:46:59.562Z] INFO: POST /api/auth/login | {"ip":"127.0.0.1","userAgent":"Mozilla/5.0 (Linux; Android 6.0; Nexus 5 Build/MRA"}
[2025-08-07T06:53:49.447Z] INFO: Server running on port 5000 | {"environment":"development","port":"5000","timestamp":"2025-08-07T06:53:49.446Z"}
[2025-08-07T06:53:50.177Z] INFO: MongoDB connected successfully
[2025-08-07T06:57:19.272Z] INFO: Server running on port 5000 | {"environment":"development","port":"5000","timestamp":"2025-08-07T06:57:19.272Z"}
[2025-08-07T06:57:19.769Z] INFO: MongoDB connected successfully
[2025-08-07T07:00:39.107Z] INFO: Server running on port 5000 | {"environment":"development","port":"5000","timestamp":"2025-08-07T07:00:39.107Z"}
[2025-08-07T07:00:40.058Z] INFO: MongoDB connected successfully
[2025-08-07T07:07:55.073Z] INFO: Server running on port 5000 | {"environment":"development","port":"5000","timestamp":"2025-08-07T07:07:55.073Z"}
[2025-08-07T07:07:55.511Z] INFO: MongoDB connected successfully
[2025-08-07T07:17:41.576Z] INFO: POST /api/auth/login | {"ip":"::1","userAgent":"Mozilla/5.0 (Windows NT 10.0; Win64; x64) AppleWeb"}
[2025-08-07T07:18:06.671Z] INFO: Server running on port 5000 | {"environment":"development","port":"5000","timestamp":"2025-08-07T07:18:06.671Z"}
[2025-08-07T07:18:07.147Z] INFO: MongoDB connected successfully
[2025-08-07T07:18:31.684Z] INFO: POST /api/auth/login | {"ip":"::1","userAgent":"Mozilla/5.0 (Windows NT 10.0; Win64; x64) AppleWeb"}
[2025-08-07T07:20:45.308Z] INFO: Server running on port 5000 | {"environment":"development","port":"5000","timestamp":"2025-08-07T07:20:45.307Z"}
[2025-08-07T07:20:45.812Z] INFO: MongoDB connected successfully
[2025-08-07T07:20:59.415Z] INFO: POST /api/auth/login | {"ip":"::1","userAgent":"Mozilla/5.0 (Windows NT 10.0; Win64; x64) AppleWeb"}
[2025-08-07T07:21:19.827Z] INFO: POST /api/auth/login | {"ip":"::1","userAgent":"Mozilla/5.0 (Linux; Android 6.0; Nexus 5 Build/MRA"}
[2025-08-07T07:27:15.193Z] INFO: Server running on port 5000 | {"environment":"development","port":"5000","timestamp":"2025-08-07T07:27:15.193Z"}
[2025-08-07T07:27:15.614Z] INFO: MongoDB connected successfully
[2025-08-07T07:27:37.389Z] INFO: POST /api/auth/login | {"ip":"::1","userAgent":"Mozilla/5.0 (Windows NT 10.0; Win64; x64) AppleWeb"}
[2025-08-07T07:27:55.385Z] INFO: POST /api/auth/login | {"ip":"::1","userAgent":"Mozilla/5.0 (Linux; Android 6.0; Nexus 5 Build/MRA"}
[2025-08-07T07:33:52.175Z] INFO: Server running on port 5000 | {"environment":"development","port":"5000","timestamp":"2025-08-07T07:33:52.175Z"}
[2025-08-07T07:33:52.895Z] INFO: MongoDB connected successfully
[2025-08-07T07:34:19.456Z] INFO: POST /api/auth/login | {"ip":"::1","userAgent":"Mozilla/5.0 (Windows NT 10.0; Win64; x64) AppleWeb"}
[2025-08-07T07:35:00.622Z] INFO: POST /api/auth/login | {"ip":"::1","userAgent":"Mozilla/5.0 (Linux; Android 6.0; Nexus 5 Build/MRA"}
[2025-08-07T07:35:15.113Z] INFO: POST /api/auth/login | {"ip":"::1","userAgent":"Mozilla/5.0 (Linux; Android 6.0; Nexus 5 Build/MRA"}
[2025-08-07T08:11:53.673Z] INFO: Server running on port 5000 | {"environment":"development","port":"5000","timestamp":"2025-08-07T08:11:53.672Z"}
[2025-08-07T08:11:54.186Z] INFO: MongoDB connected successfully
[2025-08-07T08:12:30.369Z] INFO: POST /api/auth/login | {"ip":"::1","userAgent":"Mozilla/5.0 (Windows NT 10.0; Win64; x64) AppleWeb"}
[2025-08-07T08:19:52.716Z] INFO: Server running on port 5000 | {"environment":"development","port":"5000","timestamp":"2025-08-07T08:19:52.716Z"}
[2025-08-07T08:19:53.159Z] INFO: MongoDB connected successfully
[2025-08-07T08:34:15.666Z] INFO: POST /api/auth/login | {"ip":"::1","userAgent":"Mozilla/5.0 (Linux; Android 6.0; Nexus 5 Build/MRA"}
[2025-08-07T09:36:05.944Z] INFO: POST /api/auth/login | {"ip":"::1","userAgent":"Mozilla/5.0 (Windows NT 10.0; Win64; x64) AppleWeb"}
[2025-08-07T09:38:35.559Z] INFO: POST /otp/send-otp | {"ip":"::1","userAgent":"Mozilla/5.0 (Windows NT 10.0; Win64; x64) AppleWeb"}
[2025-08-07T09:38:59.015Z] INFO: POST /otp/send-otp | {"ip":"::1","userAgent":"Mozilla/5.0 (Windows NT 10.0; Win64; x64) AppleWeb"}
[2025-08-07T09:40:01.588Z] INFO: POST /otp/send-otp | {"ip":"::1","userAgent":"Mozilla/5.0 (Linux; Android 6.0; Nexus 5 Build/MRA"}
[2025-08-07T09:43:07.042Z] INFO: POST /api/otp/send-otp | {"ip":"::1","userAgent":"Mozilla/5.0 (Windows NT; Windows NT 10.0; en-IN) W"}
[2025-08-07T09:44:26.693Z] INFO: Server running on port 5000 | {"environment":"development","port":"5000","timestamp":"2025-08-07T09:44:26.693Z"}
[2025-08-07T09:44:27.189Z] INFO: MongoDB connected successfully
[2025-08-07T09:44:39.281Z] INFO: POST /otp/send-otp | {"ip":"::1","userAgent":"Mozilla/5.0 (Windows NT 10.0; Win64; x64) AppleWeb"}
[2025-08-07T09:46:00.504Z] INFO: POST /api/otp/send-otp | {"ip":"::1","userAgent":"Mozilla/5.0 (Windows NT; Windows NT 10.0; en-IN) W"}
[2025-08-07T09:47:29.449Z] INFO: POST /otp/send-otp | {"ip":"::1","userAgent":"Mozilla/5.0 (Windows NT; Windows NT 10.0; en-IN) W"}
[2025-08-07T09:48:54.030Z] INFO: POST /api/otp/send-otp | {"ip":"::1","userAgent":"Mozilla/5.0 (Windows NT 10.0; Win64; x64) AppleWeb"}
[2025-08-07T09:49:48.789Z] INFO: POST /api/otp/verify-otp | {"ip":"::1","userAgent":"Mozilla/5.0 (Windows NT 10.0; Win64; x64) AppleWeb"}
[2025-08-07T09:51:12.634Z] INFO: Server running on port 5000 | {"environment":"development","port":"5000","timestamp":"2025-08-07T09:51:12.633Z"}
[2025-08-07T09:51:14.744Z] INFO: MongoDB connected successfully
[2025-08-07T09:52:24.890Z] INFO: POST /api/auth/login | {"ip":"::1","userAgent":"Mozilla/5.0 (Windows NT 10.0; Win64; x64) AppleWeb"}
[2025-08-07T13:27:39.376Z] INFO: Server running on port 5000 | {"environment":"development","port":"5000","timestamp":"2025-08-07T13:27:39.375Z"}
[2025-08-07T13:27:39.865Z] INFO: MongoDB connected successfully
[2025-08-07T16:05:13.938Z] INFO: POST /api/auth/login | {"ip":"::1","userAgent":"Mozilla/5.0 (Windows NT 10.0; Win64; x64) AppleWeb"}
[2025-08-07T16:05:51.728Z] INFO: POST /api/auth/login | {"ip":"::1","userAgent":"Mozilla/5.0 (Linux; Android 6.0; Nexus 5 Build/MRA"}
[2025-08-07T16:22:20.078Z] INFO: POST /api/otp/send-otp | {"ip":"::1","userAgent":"Mozilla/5.0 (Windows NT 10.0; Win64; x64) AppleWeb"}
[2025-08-07T16:22:53.408Z] INFO: POST /api/otp/verify-otp | {"ip":"::1","userAgent":"Mozilla/5.0 (Windows NT 10.0; Win64; x64) AppleWeb"}
[2025-08-07T16:26:57.154Z] INFO: POST /api/otp/send-otp | {"ip":"::1","userAgent":"Mozilla/5.0 (Windows NT 10.0; Win64; x64) AppleWeb"}
[2025-08-07T16:27:13.813Z] INFO: POST /api/otp/verify-otp | {"ip":"::1","userAgent":"Mozilla/5.0 (Windows NT 10.0; Win64; x64) AppleWeb"}
[2025-08-07T16:27:26.184Z] INFO: POST /api/auth/register | {"ip":"::1","userAgent":"Mozilla/5.0 (Windows NT 10.0; Win64; x64) AppleWeb"}
[2025-08-07T16:27:33.464Z] INFO: POST /api/auth/login | {"ip":"::1","userAgent":"Mozilla/5.0 (Windows NT 10.0; Win64; x64) AppleWeb"}
[2025-08-07T16:27:49.023Z] INFO: POST /api/auth/login | {"ip":"::1","userAgent":"Mozilla/5.0 (Linux; Android 6.0; Nexus 5 Build/MRA"}
[2025-08-07T16:30:49.219Z] INFO: POST /api/auth/login | {"ip":"::1","userAgent":"Mozilla/5.0 (Linux; Android 6.0; Nexus 5 Build/MRA"}
[2025-08-07T16:45:26.818Z] INFO: POST /api/otp/send-otp | {"ip":"::1","userAgent":"Mozilla/5.0 (Windows NT 10.0; Win64; x64) AppleWeb"}
[2025-08-07T16:45:52.525Z] INFO: POST /api/otp/verify-otp | {"ip":"::1","userAgent":"Mozilla/5.0 (Windows NT 10.0; Win64; x64) AppleWeb"}
[2025-08-07T16:49:49.069Z] INFO: Server running on port 5000 | {"environment":"development","port":"5000","timestamp":"2025-08-07T16:49:49.069Z"}
[2025-08-07T16:49:49.480Z] INFO: MongoDB connected successfully
[2025-08-07T16:50:24.599Z] INFO: POST /api/admin/send-otp | {"ip":"::1","userAgent":"Mozilla/5.0 (Windows NT 10.0; Win64; x64) AppleWeb"}
[2025-08-07T16:50:28.325Z] INFO: POST /api/admin/send-otp | {"ip":"::1","userAgent":"Mozilla/5.0 (Windows NT 10.0; Win64; x64) AppleWeb"}
[2025-08-07T16:50:43.341Z] INFO: POST /api/otp/send-otp | {"ip":"::1","userAgent":"Mozilla/5.0 (Windows NT 10.0; Win64; x64) AppleWeb"}
[2025-08-07T16:51:00.546Z] INFO: POST /api/otp/verify-otp | {"ip":"::1","userAgent":"Mozilla/5.0 (Windows NT 10.0; Win64; x64) AppleWeb"}
[2025-08-07T16:51:03.627Z] INFO: POST /api/admin/send-otp | {"ip":"::1","userAgent":"Mozilla/5.0 (Windows NT 10.0; Win64; x64) AppleWeb"}
[2025-08-07T16:52:00.131Z] INFO: POST /api/admin/send-otp | {"ip":"::1","userAgent":"Mozilla/5.0 (Windows NT 10.0; Win64; x64) AppleWeb"}
[2025-08-07T16:52:08.187Z] INFO: POST /api/admin/send-otp | {"ip":"::1","userAgent":"Mozilla/5.0 (Windows NT 10.0; Win64; x64) AppleWeb"}
[2025-08-07T16:52:24.361Z] INFO: Server running on port 5000 | {"environment":"development","port":"5000","timestamp":"2025-08-07T16:52:24.361Z"}
[2025-08-07T16:52:24.795Z] INFO: MongoDB connected successfully
[2025-08-07T16:52:39.721Z] INFO: POST /api/otp/send-otp | {"ip":"::1","userAgent":"Mozilla/5.0 (Linux; Android 6.0; Nexus 5 Build/MRA"}
[2025-08-07T16:52:59.293Z] INFO: POST /api/otp/verify-otp | {"ip":"::1","userAgent":"Mozilla/5.0 (Linux; Android 6.0; Nexus 5 Build/MRA"}
[2025-08-07T16:53:02.438Z] INFO: POST /api/admin/send-otp | {"ip":"::1","userAgent":"Mozilla/5.0 (Linux; Android 6.0; Nexus 5 Build/MRA"}
[2025-08-07T16:57:27.386Z] INFO: POST /api/admin/send-otp | {"ip":"::1","userAgent":"Mozilla/5.0 (Linux; Android 6.0; Nexus 5 Build/MRA"}
[2025-08-07T17:01:30.605Z] INFO: POST /api/otp/send-otp | {"ip":"::1","userAgent":"Mozilla/5.0 (Linux; Android 6.0; Nexus 5 Build/MRA"}
[2025-08-07T17:01:50.046Z] INFO: Server running on port 5000 | {"environment":"development","port":"5000","timestamp":"2025-08-07T17:01:50.046Z"}
[2025-08-07T17:01:50.469Z] INFO: MongoDB connected successfully
[2025-08-07T17:02:02.582Z] INFO: POST /api/otp/send-otp | {"ip":"::1","userAgent":"Mozilla/5.0 (Linux; Android 6.0; Nexus 5 Build/MRA"}
[2025-08-07T17:02:25.925Z] INFO: POST /api/otp/verify-otp | {"ip":"::1","userAgent":"Mozilla/5.0 (Linux; Android 6.0; Nexus 5 Build/MRA"}
[2025-08-07T17:02:28.935Z] INFO: POST /api/auth/login | {"ip":"::1","userAgent":"Mozilla/5.0 (Linux; Android 6.0; Nexus 5 Build/MRA"}
[2025-08-07T17:02:46.679Z] INFO: POST /api/auth/login | {"ip":"::1","userAgent":"Mozilla/5.0 (Windows NT 10.0; Win64; x64) AppleWeb"}
[2025-08-07T17:04:00.806Z] INFO: Server running on port 5000 | {"environment":"development","port":"5000","timestamp":"2025-08-07T17:04:00.806Z"}
[2025-08-07T17:04:01.228Z] INFO: MongoDB connected successfully
[2025-08-07T17:04:10.410Z] INFO: POST /api/otp/send-otp | {"ip":"::1","userAgent":"Mozilla/5.0 (Windows NT 10.0; Win64; x64) AppleWeb"}
[2025-08-07T17:04:34.725Z] INFO: POST /api/otp/send-otp | {"ip":"::1","userAgent":"Mozilla/5.0 (Windows NT 10.0; Win64; x64) AppleWeb"}
[2025-08-07T17:07:49.841Z] INFO: Server running on port 5000 | {"environment":"development","port":"5000","timestamp":"2025-08-07T17:07:49.840Z"}
[2025-08-07T17:07:50.284Z] INFO: MongoDB connected successfully
[2025-08-07T17:08:00.173Z] INFO: POST /api/otp/send-otp | {"ip":"::1","userAgent":"Mozilla/5.0 (Linux; Android 6.0; Nexus 5 Build/MRA"}
[2025-08-07T17:08:17.903Z] INFO: POST /api/otp/verify-otp | {"ip":"::1","userAgent":"Mozilla/5.0 (Linux; Android 6.0; Nexus 5 Build/MRA"}
[2025-08-07T17:08:21.424Z] INFO: POST /api/admin/login | {"ip":"::1","userAgent":"Mozilla/5.0 (Linux; Android 6.0; Nexus 5 Build/MRA"}
[2025-08-07T17:09:07.129Z] INFO: POST /api/otp/send-otp | {"ip":"::1","userAgent":"Mozilla/5.0 (Linux; Android 6.0; Nexus 5 Build/MRA"}
[2025-08-07T17:09:29.510Z] INFO: POST /api/otp/verify-otp | {"ip":"::1","userAgent":"Mozilla/5.0 (Linux; Android 6.0; Nexus 5 Build/MRA"}
[2025-08-07T17:09:34.083Z] INFO: POST /api/admin/login | {"ip":"::1","userAgent":"Mozilla/5.0 (Linux; Android 6.0; Nexus 5 Build/MRA"}
[2025-08-07T17:18:53.962Z] INFO: Server running on port 5000 | {"environment":"development","port":"5000","timestamp":"2025-08-07T17:18:53.961Z"}
[2025-08-07T17:18:54.394Z] INFO: MongoDB connected successfully
[2025-08-07T17:19:06.938Z] INFO: POST /api/otp/send-otp | {"ip":"::1","userAgent":"Mozilla/5.0 (Linux; Android 6.0; Nexus 5 Build/MRA"}
[2025-08-07T17:19:30.231Z] INFO: POST /api/otp/verify-otp | {"ip":"::1","userAgent":"Mozilla/5.0 (Linux; Android 6.0; Nexus 5 Build/MRA"}
[2025-08-07T17:19:33.669Z] INFO: POST /api/admin/login | {"ip":"::1","userAgent":"Mozilla/5.0 (Linux; Android 6.0; Nexus 5 Build/MRA"}
[2025-08-07T17:22:21.357Z] INFO: Server running on port 5000 | {"environment":"development","port":"5000","timestamp":"2025-08-07T17:22:21.356Z"}
[2025-08-07T17:22:21.772Z] INFO: MongoDB connected successfully
[2025-08-07T17:22:37.921Z] INFO: POST /api/otp/send-otp | {"ip":"::1","userAgent":"Mozilla/5.0 (Linux; Android 6.0; Nexus 5 Build/MRA"}
[2025-08-07T17:22:50.828Z] INFO: POST /api/otp/send-otp | {"ip":"::1","userAgent":"Mozilla/5.0 (Linux; Android 6.0; Nexus 5 Build/MRA"}
[2025-08-07T17:25:49.298Z] INFO: Server running on port 5000 | {"environment":"development","port":"5000","timestamp":"2025-08-07T17:25:49.298Z"}
[2025-08-07T17:25:49.755Z] INFO: MongoDB connected successfully
[2025-08-07T17:26:04.834Z] INFO: POST /api/admin/login | {"ip":"::1","userAgent":"Mozilla/5.0 (Linux; Android 6.0; Nexus 5 Build/MRA"}
[2025-08-07T17:35:49.138Z] INFO: POST /api/otp/send-otp | {"ip":"::1","userAgent":"Mozilla/5.0 (Windows NT 10.0; Win64; x64) AppleWeb"}
[2025-08-07T17:36:11.861Z] INFO: POST /api/otp/verify-otp | {"ip":"::1","userAgent":"Mozilla/5.0 (Windows NT 10.0; Win64; x64) AppleWeb"}
[2025-08-07T17:36:22.448Z] INFO: POST /api/admin/send-otp | {"ip":"::1","userAgent":"Mozilla/5.0 (Windows NT 10.0; Win64; x64) AppleWeb"}
[2025-08-07T17:36:47.784Z] INFO: POST /api/admin/verify-otp | {"ip":"::1","userAgent":"Mozilla/5.0 (Windows NT 10.0; Win64; x64) AppleWeb"}
[2025-08-07T18:19:27.287Z] INFO: POST /api/admin/send-otp | {"ip":"::1","userAgent":"Mozilla/5.0 (Windows NT 10.0; Win64; x64) AppleWeb"}
[2025-08-07T18:19:58.295Z] INFO: POST /api/admin/verify-otp | {"ip":"::1","userAgent":"Mozilla/5.0 (Windows NT 10.0; Win64; x64) AppleWeb"}
[2025-08-07T18:23:53.662Z] INFO: POST /api/admin/send-otp | {"ip":"::1","userAgent":"Mozilla/5.0 (Linux; Android 6.0; Nexus 5 Build/MRA"}
[2025-08-07T18:28:10.792Z] INFO: Server running on port 5000 | {"environment":"development","port":"5000","timestamp":"2025-08-07T18:28:10.792Z"}
[2025-08-07T18:28:11.297Z] INFO: MongoDB connected successfully
[2025-08-07T18:28:21.338Z] INFO: POST /api/admin/send-otp | {"ip":"::1","userAgent":"Mozilla/5.0 (Linux; Android 6.0; Nexus 5 Build/MRA"}
[2025-08-07T18:28:43.798Z] INFO: POST /api/admin/verify-otp | {"ip":"::1","userAgent":"Mozilla/5.0 (Linux; Android 6.0; Nexus 5 Build/MRA"}
[2025-08-07T18:40:02.533Z] INFO: POST /api/admin/send-otp | {"ip":"::1","userAgent":"Mozilla/5.0 (Linux; Android 6.0; Nexus 5 Build/MRA"}
[2025-08-07T18:40:20.347Z] INFO: POST /api/admin/verify-otp | {"ip":"::1","userAgent":"Mozilla/5.0 (Linux; Android 6.0; Nexus 5 Build/MRA"}
[2025-08-07T18:45:58.602Z] INFO: POST /api/admin/send-otp | {"ip":"::1","userAgent":"Mozilla/5.0 (Linux; Android 6.0; Nexus 5 Build/MRA"}
[2025-08-07T18:46:15.849Z] INFO: POST /api/admin/verify-otp | {"ip":"::1","userAgent":"Mozilla/5.0 (Linux; Android 6.0; Nexus 5 Build/MRA"}
[2025-08-07T18:50:12.982Z] INFO: Server running on port 5000 | {"environment":"development","port":"5000","timestamp":"2025-08-07T18:50:12.982Z"}
[2025-08-07T18:50:13.427Z] INFO: MongoDB connected successfully
[2025-08-07T18:50:20.516Z] INFO: POST /api/admin/send-otp | {"ip":"::1","userAgent":"Mozilla/5.0 (Linux; Android 6.0; Nexus 5 Build/MRA"}
[2025-08-07T18:50:47.620Z] INFO: POST /api/admin/verify-otp | {"ip":"::1","userAgent":"Mozilla/5.0 (Linux; Android 6.0; Nexus 5 Build/MRA"}
[2025-08-07T18:51:05.931Z] INFO: POST /api/admin/send-otp | {"ip":"::1","userAgent":"Mozilla/5.0 (Linux; Android 6.0; Nexus 5 Build/MRA"}
[2025-08-07T18:51:21.655Z] INFO: POST /api/admin/verify-otp | {"ip":"::1","userAgent":"Mozilla/5.0 (Linux; Android 6.0; Nexus 5 Build/MRA"}
[2025-08-07T18:55:11.342Z] INFO: POST /api/admin/send-otp | {"ip":"::1","userAgent":"Mozilla/5.0 (Linux; Android 6.0; Nexus 5 Build/MRA"}
[2025-08-07T18:55:31.616Z] INFO: POST /api/admin/verify-otp | {"ip":"::1","userAgent":"Mozilla/5.0 (Linux; Android 6.0; Nexus 5 Build/MRA"}
[2025-08-07T19:05:32.228Z] INFO: Server running on port 5000 | {"environment":"development","port":"5000","timestamp":"2025-08-07T19:05:32.228Z"}
[2025-08-07T19:05:32.644Z] INFO: MongoDB connected successfully
[2025-08-07T19:05:55.199Z] INFO: POST /api/admin/send-otp | {"ip":"::1","userAgent":"Mozilla/5.0 (Linux; Android 6.0; Nexus 5 Build/MRA"}
[2025-08-07T19:06:14.808Z] INFO: POST /api/admin/verify-otp | {"ip":"::1","userAgent":"Mozilla/5.0 (Linux; Android 6.0; Nexus 5 Build/MRA"}
[2025-08-07T19:08:56.713Z] INFO: Server running on port 5000 | {"environment":"development","port":"5000","timestamp":"2025-08-07T19:08:56.713Z"}
[2025-08-07T19:08:57.212Z] INFO: MongoDB connected successfully
[2025-08-07T19:09:19.414Z] INFO: Server running on port 5000 | {"environment":"development","port":"5000","timestamp":"2025-08-07T19:09:19.414Z"}
[2025-08-07T19:09:19.870Z] INFO: MongoDB connected successfully
[2025-08-07T19:09:32.144Z] INFO: POST /api/admin/send-otp | {"ip":"::1","userAgent":"Mozilla/5.0 (Linux; Android 6.0; Nexus 5 Build/MRA"}
[2025-08-07T19:09:47.100Z] INFO: POST /api/admin/verify-otp | {"ip":"::1","userAgent":"Mozilla/5.0 (Linux; Android 6.0; Nexus 5 Build/MRA"}
[2025-08-07T19:23:23.291Z] INFO: Server running on port 5000 | {"environment":"development","port":"5000","timestamp":"2025-08-07T19:23:23.291Z"}
[2025-08-07T19:23:23.811Z] INFO: MongoDB connected successfully
[2025-08-08T08:53:54.007Z] INFO: Server running on port 5000 | {"environment":"development","port":"5000","timestamp":"2025-08-08T08:53:54.007Z"}
[2025-08-08T08:53:54.557Z] INFO: MongoDB connected successfully
[2025-08-08T09:11:01.338Z] INFO: Server running on port 5000 | {"environment":"development","port":"5000","timestamp":"2025-08-08T09:11:01.338Z"}
[2025-08-08T09:11:01.754Z] INFO: MongoDB connected successfully
[2025-08-08T09:11:14.127Z] INFO: POST /api/auth/login | {"ip":"::1","userAgent":"Mozilla/5.0 (Windows NT 10.0; Win64; x64) AppleWeb"}
[2025-08-08T09:13:08.747Z] INFO: Server running on port 5000 | {"environment":"development","port":"5000","timestamp":"2025-08-08T09:13:08.747Z"}
[2025-08-08T09:13:09.208Z] INFO: MongoDB connected successfully
[2025-08-08T09:13:24.163Z] INFO: POST /api/auth/login | {"ip":"::1","userAgent":"Mozilla/5.0 (Linux; Android 6.0; Nexus 5 Build/MRA"}
[2025-08-08T09:17:03.255Z] INFO: POST /api/auth/login | {"ip":"::1","userAgent":"Mozilla/5.0 (Linux; Android 6.0; Nexus 5 Build/MRA"}
[2025-08-08T09:21:33.729Z] INFO: POST /api/auth/login | {"ip":"::1","userAgent":"Mozilla/5.0 (Linux; Android 6.0; Nexus 5 Build/MRA"}
[2025-08-08T09:22:02.727Z] INFO: POST /api/auth/login | {"ip":"::1","userAgent":"Mozilla/5.0 (Windows NT 10.0; Win64; x64) AppleWeb"}
[2025-08-08T09:22:21.953Z] INFO: POST /api/admin/send-otp | {"ip":"::1","userAgent":"Mozilla/5.0 (Windows NT 10.0; Win64; x64) AppleWeb"}
[2025-08-08T09:22:54.163Z] INFO: POST /api/admin/verify-otp | {"ip":"::1","userAgent":"Mozilla/5.0 (Windows NT 10.0; Win64; x64) AppleWeb"}
[2025-08-08T09:53:44.247Z] INFO: POST /api/auth/login | {"ip":"::1","userAgent":"Mozilla/5.0 (Windows NT 10.0; Win64; x64) AppleWeb"}
[2025-08-23T15:25:37.520Z] INFO: Server running on port 5000 | {"environment":"development","port":"5000","timestamp":"2025-08-23T15:25:37.520Z"}
[2025-08-23T15:25:38.217Z] INFO: MongoDB connected successfully
[2025-08-23T18:57:41.665Z] INFO: POST /api/otp/send-otp | {"ip":"::1","userAgent":"Mozilla/5.0 (Windows NT 10.0; Win64; x64) AppleWeb"}
[2025-08-23T18:58:14.451Z] INFO: POST /api/otp/verify-otp | {"ip":"::1","userAgent":"Mozilla/5.0 (Windows NT 10.0; Win64; x64) AppleWeb"}
[2025-08-23T19:17:22.470Z] INFO: POST /api/auth/login | {"ip":"::1","userAgent":"Mozilla/5.0 (Linux; Android 6.0; Nexus 5 Build/MRA"}
[2025-08-23T19:17:48.131Z] INFO: POST /api/auth/login | {"ip":"::1","userAgent":"Mozilla/5.0 (Linux; Android 6.0; Nexus 5 Build/MRA"}
[2025-08-23T19:18:18.967Z] INFO: POST /api/auth/login | {"ip":"::1","userAgent":"Mozilla/5.0 (Windows NT 10.0; Win64; x64) AppleWeb"}
[2025-08-23T19:18:45.308Z] INFO: POST /api/auth/login | {"ip":"::1","userAgent":"Mozilla/5.0 (Windows NT 10.0; Win64; x64) AppleWeb"}
[2025-08-23T19:20:31.390Z] INFO: POST /api/otp/send-otp | {"ip":"::1","userAgent":"Mozilla/5.0 (Windows NT 10.0; Win64; x64) AppleWeb"}
[2025-08-23T19:22:15.091Z] INFO: POST /api/otp/send-otp | {"ip":"::1","userAgent":"Mozilla/5.0 (Windows NT 10.0; Win64; x64) AppleWeb"}
[2025-08-23T19:22:38.296Z] INFO: POST /api/otp/send-otp | {"ip":"::1","userAgent":"Mozilla/5.0 (Windows NT 10.0; Win64; x64) AppleWeb"}
[2025-08-23T19:27:12.311Z] INFO: POST /api/otp/check-email | {"ip":"::1","userAgent":"Mozilla/5.0 (Windows NT 10.0; Win64; x64) AppleWeb"}
[2025-08-23T19:27:18.186Z] INFO: POST /api/otp/check-email | {"ip":"::1","userAgent":"Mozilla/5.0 (Windows NT 10.0; Win64; x64) AppleWeb"}
[2025-08-23T19:27:29.108Z] INFO: POST /api/otp/check-email | {"ip":"::1","userAgent":"Mozilla/5.0 (Windows NT 10.0; Win64; x64) AppleWeb"}
[2025-08-23T19:27:37.813Z] INFO: POST /api/otp/check-email | {"ip":"::1","userAgent":"Mozilla/5.0 (Windows NT 10.0; Win64; x64) AppleWeb"}
[2025-08-23T19:27:55.045Z] INFO: POST /api/otp/check-email | {"ip":"::1","userAgent":"Mozilla/5.0 (Linux; Android 6.0; Nexus 5 Build/MRA"}
[2025-08-23T19:31:39.870Z] INFO: POST /api/otp/check-email | {"ip":"::1","userAgent":"Mozilla/5.0 (Linux; Android 6.0; Nexus 5 Build/MRA"}
[2025-08-23T19:33:52.101Z] INFO: POST /api/otp/check-email | {"ip":"::1","userAgent":"Mozilla/5.0 (Windows NT; Windows NT 10.0; en-IN) W"}
[2025-08-23T19:34:29.769Z] INFO: Server running on port 5000 | {"environment":"development","port":"5000","timestamp":"2025-08-23T19:34:29.769Z"}
[2025-08-23T19:34:30.502Z] INFO: MongoDB connected successfully
[2025-08-23T19:34:58.576Z] INFO: POST /api/otp/check-email | {"ip":"::1","userAgent":"Mozilla/5.0 (Windows NT; Windows NT 10.0; en-IN) W"}
[2025-08-23T19:35:33.958Z] INFO: POST /api/otp/check-email | {"ip":"::1","userAgent":"Mozilla/5.0 (Linux; Android 6.0; Nexus 5 Build/MRA"}
[2025-08-23T19:35:48.331Z] INFO: POST /api/otp/check-email | {"ip":"::1","userAgent":"Mozilla/5.0 (Windows NT 10.0; Win64; x64) AppleWeb"}
[2025-08-23T19:36:35.554Z] INFO: POST /api/otp/check-email | {"ip":"::1","userAgent":"Mozilla/5.0 (Windows NT 10.0; Win64; x64) AppleWeb"}
[2025-08-23T19:36:51.349Z] INFO: POST /api/otp/check-email | {"ip":"::1","userAgent":"Mozilla/5.0 (Windows NT 10.0; Win64; x64) AppleWeb"}
[2025-08-23T19:37:26.464Z] INFO: POST /api/otp/check-email | {"ip":"::1","userAgent":"Mozilla/5.0 (Windows NT 10.0; Win64; x64) AppleWeb"}
[2025-08-23T19:37:52.445Z] INFO: POST /api/otp/check-email | {"ip":"::1","userAgent":"Mozilla/5.0 (Linux; Android 6.0; Nexus 5 Build/MRA"}
[2025-08-23T19:38:50.715Z] INFO: POST /api/otp/check-email | {"ip":"::1","userAgent":"Mozilla/5.0 (Windows NT 10.0; Win64; x64) AppleWeb"}
[2025-08-23T19:39:03.333Z] INFO: POST /api/otp/check-email | {"ip":"::1","userAgent":"Mozilla/5.0 (Windows NT 10.0; Win64; x64) AppleWeb"}
[2025-08-23T19:39:09.306Z] INFO: POST /api/otp/check-email | {"ip":"::1","userAgent":"Mozilla/5.0 (Windows NT 10.0; Win64; x64) AppleWeb"}
[2025-08-23T19:39:10.678Z] INFO: POST /api/otp/send-otp | {"ip":"::1","userAgent":"Mozilla/5.0 (Windows NT 10.0; Win64; x64) AppleWeb"}
[2025-08-23T19:53:55.935Z] INFO: POST /api/otp/check-email | {"ip":"::1","userAgent":"Mozilla/5.0 (Windows NT 10.0; Win64; x64) AppleWeb"}
[2025-08-23T19:53:59.367Z] INFO: POST /api/otp/send-otp | {"ip":"::1","userAgent":"Mozilla/5.0 (Windows NT 10.0; Win64; x64) AppleWeb"}
[2025-08-23T20:11:16.073Z] INFO: POST /api/otp/check-email | {"ip":"::1","userAgent":"Mozilla/5.0 (Windows NT 10.0; Win64; x64) AppleWeb"}
[2025-08-23T20:11:20.954Z] INFO: POST /api/otp/send-otp | {"ip":"::1","userAgent":"Mozilla/5.0 (Windows NT 10.0; Win64; x64) AppleWeb"}
[2025-08-23T20:12:10.310Z] INFO: POST /api/otp/verify-otp | {"ip":"::1","userAgent":"Mozilla/5.0 (Windows NT 10.0; Win64; x64) AppleWeb"}
[2025-08-23T20:12:40.272Z] INFO: POST /api/otp/verify-otp | {"ip":"::1","userAgent":"Mozilla/5.0 (Windows NT 10.0; Win64; x64) AppleWeb"}
[2025-08-23T20:13:16.271Z] INFO: POST /api/otp/check-email | {"ip":"::1","userAgent":"Mozilla/5.0 (Windows NT 10.0; Win64; x64) AppleWeb"}
[2025-08-24T11:26:33.630Z] INFO: POST /api/otp/check-email | {"ip":"::1","userAgent":"Mozilla/5.0 (Windows NT 10.0; Win64; x64) AppleWeb"}
[2025-08-24T11:30:38.308Z] INFO: POST /api/auth/login | {"ip":"::1","userAgent":"Mozilla/5.0 (Windows NT 10.0; Win64; x64) AppleWeb"}
[2025-08-24T14:36:01.795Z] INFO: Server running on port 5000 | {"environment":"development","port":"5000","timestamp":"2025-08-24T14:36:01.794Z"}
[2025-08-24T14:36:13.605Z] INFO: MongoDB connected successfully
